CRITICAL - 2025-04-11 18:18:17 --> ErrorException: include(app/Views/header.php): Failed to open stream: No such file or directory
[Method: GET, Route: terminos]
in APPPATH\Views\terminos.php on line 1.
 1 APPPATH\Views\terminos.php(1): CodeIgniter\Debug\Exceptions->errorHandler(2, 'include(app/Views/header.php): Failed to open stream: No such file or directory', 'C:\\xampp\\htdocs\\escobar-lezcano\\app\\Views\\terminos.php', 1)
 2 APPPATH\Views\terminos.php(1): include()
 3 SYSTEMPATH\View\View.php(224): include('C:\\xampp\\htdocs\\escobar-lezcano\\app\\Views\\terminos.php')
 4 SYSTEMPATH\View\View.php(227): CodeIgniter\View\View->CodeIgniter\View\{closure}()
 5 SYSTEMPATH\Common.php(1173): CodeIgniter\View\View->render('terminos.php', [], true)
 6 APPPATH\Controllers\Home.php(25): view('terminos.php', [...])
 7 SYSTEMPATH\CodeIgniter.php(933): App\Controllers\Home->terminos()
 8 SYSTEMPATH\CodeIgniter.php(507): CodeIgniter\CodeIgniter->runController(Object(App\Controllers\Home))
 9 SYSTEMPATH\CodeIgniter.php(354): CodeIgniter\CodeIgniter->handleRequest(null, Object(Config\Cache), false)
10 SYSTEMPATH\Boot.php(334): CodeIgniter\CodeIgniter->run()
11 SYSTEMPATH\Boot.php(67): CodeIgniter\Boot::runCodeIgniter(Object(CodeIgniter\CodeIgniter))
12 FCPATH\index.php(56): CodeIgniter\Boot::bootWeb(Object(Config\Paths))
CRITICAL - 2025-04-11 18:31:38 --> ErrorException: include(app/Views/header.php): Failed to open stream: No such file or directory
[Method: GET, Route: comercializacion]
in APPPATH\Views\comercializacion.php on line 1.
 1 APPPATH\Views\comercializacion.php(1): CodeIgniter\Debug\Exceptions->errorHandler(2, 'include(app/Views/header.php): Failed to open stream: No such file or directory', 'C:\\xampp\\htdocs\\escobar-lezcano\\app\\Views\\comercializacion.php', 1)
 2 APPPATH\Views\comercializacion.php(1): include()
 3 SYSTEMPATH\View\View.php(224): include('C:\\xampp\\htdocs\\escobar-lezcano\\app\\Views\\comercializacion.php')
 4 SYSTEMPATH\View\View.php(227): CodeIgniter\View\View->CodeIgniter\View\{closure}()
 5 SYSTEMPATH\Common.php(1173): CodeIgniter\View\View->render('comercializacion.php', [], true)
 6 APPPATH\Controllers\Home.php(20): view('comercializacion.php', [...])
 7 SYSTEMPATH\CodeIgniter.php(933): App\Controllers\Home->comercializacion()
 8 SYSTEMPATH\CodeIgniter.php(507): CodeIgniter\CodeIgniter->runController(Object(App\Controllers\Home))
 9 SYSTEMPATH\CodeIgniter.php(354): CodeIgniter\CodeIgniter->handleRequest(null, Object(Config\Cache), false)
10 SYSTEMPATH\Boot.php(334): CodeIgniter\CodeIgniter->run()
11 SYSTEMPATH\Boot.php(67): CodeIgniter\Boot::runCodeIgniter(Object(CodeIgniter\CodeIgniter))
12 FCPATH\index.php(56): CodeIgniter\Boot::bootWeb(Object(Config\Paths))
CRITICAL - 2025-04-11 18:31:46 --> ErrorException: include(app/Views/header.php): Failed to open stream: No such file or directory
[Method: GET, Route: comercializacion]
in APPPATH\Views\comercializacion.php on line 1.
 1 APPPATH\Views\comercializacion.php(1): CodeIgniter\Debug\Exceptions->errorHandler(2, 'include(app/Views/header.php): Failed to open stream: No such file or directory', 'C:\\xampp\\htdocs\\escobar-lezcano\\app\\Views\\comercializacion.php', 1)
 2 APPPATH\Views\comercializacion.php(1): include()
 3 SYSTEMPATH\View\View.php(224): include('C:\\xampp\\htdocs\\escobar-lezcano\\app\\Views\\comercializacion.php')
 4 SYSTEMPATH\View\View.php(227): CodeIgniter\View\View->CodeIgniter\View\{closure}()
 5 SYSTEMPATH\Common.php(1173): CodeIgniter\View\View->render('comercializacion.php', [], true)
 6 APPPATH\Controllers\Home.php(20): view('comercializacion.php', [...])
 7 SYSTEMPATH\CodeIgniter.php(933): App\Controllers\Home->comercializacion()
 8 SYSTEMPATH\CodeIgniter.php(507): CodeIgniter\CodeIgniter->runController(Object(App\Controllers\Home))
 9 SYSTEMPATH\CodeIgniter.php(354): CodeIgniter\CodeIgniter->handleRequest(null, Object(Config\Cache), false)
10 SYSTEMPATH\Boot.php(334): CodeIgniter\CodeIgniter->run()
11 SYSTEMPATH\Boot.php(67): CodeIgniter\Boot::runCodeIgniter(Object(CodeIgniter\CodeIgniter))
12 FCPATH\index.php(56): CodeIgniter\Boot::bootWeb(Object(Config\Paths))
CRITICAL - 2025-04-11 18:32:44 --> ErrorException: include(app/Views/header.php): Failed to open stream: No such file or directory
[Method: GET, Route: comercializacion]
in APPPATH\Views\comercializacion.php on line 1.
 1 APPPATH\Views\comercializacion.php(1): CodeIgniter\Debug\Exceptions->errorHandler(2, 'include(app/Views/header.php): Failed to open stream: No such file or directory', 'C:\\xampp\\htdocs\\escobar-lezcano\\app\\Views\\comercializacion.php', 1)
 2 APPPATH\Views\comercializacion.php(1): include()
 3 SYSTEMPATH\View\View.php(224): include('C:\\xampp\\htdocs\\escobar-lezcano\\app\\Views\\comercializacion.php')
 4 SYSTEMPATH\View\View.php(227): CodeIgniter\View\View->CodeIgniter\View\{closure}()
 5 SYSTEMPATH\Common.php(1173): CodeIgniter\View\View->render('comercializacion.php', [], true)
 6 APPPATH\Controllers\Home.php(20): view('comercializacion.php', [...])
 7 SYSTEMPATH\CodeIgniter.php(933): App\Controllers\Home->comercializacion()
 8 SYSTEMPATH\CodeIgniter.php(507): CodeIgniter\CodeIgniter->runController(Object(App\Controllers\Home))
 9 SYSTEMPATH\CodeIgniter.php(354): CodeIgniter\CodeIgniter->handleRequest(null, Object(Config\Cache), false)
10 SYSTEMPATH\Boot.php(334): CodeIgniter\CodeIgniter->run()
11 SYSTEMPATH\Boot.php(67): CodeIgniter\Boot::runCodeIgniter(Object(CodeIgniter\CodeIgniter))
12 FCPATH\index.php(56): CodeIgniter\Boot::bootWeb(Object(Config\Paths))
CRITICAL - 2025-04-11 18:33:27 --> ErrorException: include(app/Views/header.php): Failed to open stream: No such file or directory
[Method: GET, Route: comercializacion]
in APPPATH\Views\comercializacion.php on line 1.
 1 APPPATH\Views\comercializacion.php(1): CodeIgniter\Debug\Exceptions->errorHandler(2, 'include(app/Views/header.php): Failed to open stream: No such file or directory', 'C:\\xampp\\htdocs\\escobar-lezcano\\app\\Views\\comercializacion.php', 1)
 2 APPPATH\Views\comercializacion.php(1): include()
 3 SYSTEMPATH\View\View.php(224): include('C:\\xampp\\htdocs\\escobar-lezcano\\app\\Views\\comercializacion.php')
 4 SYSTEMPATH\View\View.php(227): CodeIgniter\View\View->CodeIgniter\View\{closure}()
 5 SYSTEMPATH\Common.php(1173): CodeIgniter\View\View->render('comercializacion.php', [], true)
 6 APPPATH\Controllers\Home.php(20): view('comercializacion.php', [...])
 7 SYSTEMPATH\CodeIgniter.php(933): App\Controllers\Home->comercializacion()
 8 SYSTEMPATH\CodeIgniter.php(507): CodeIgniter\CodeIgniter->runController(Object(App\Controllers\Home))
 9 SYSTEMPATH\CodeIgniter.php(354): CodeIgniter\CodeIgniter->handleRequest(null, Object(Config\Cache), false)
10 SYSTEMPATH\Boot.php(334): CodeIgniter\CodeIgniter->run()
11 SYSTEMPATH\Boot.php(67): CodeIgniter\Boot::runCodeIgniter(Object(CodeIgniter\CodeIgniter))
12 FCPATH\index.php(56): CodeIgniter\Boot::bootWeb(Object(Config\Paths))
CRITICAL - 2025-04-11 18:34:01 --> ErrorException: include(app/Views/header.php): Failed to open stream: No such file or directory
[Method: GET, Route: comercializacion]
in APPPATH\Views\comercializacion.php on line 1.
 1 APPPATH\Views\comercializacion.php(1): CodeIgniter\Debug\Exceptions->errorHandler(2, 'include(app/Views/header.php): Failed to open stream: No such file or directory', 'C:\\xampp\\htdocs\\escobar-lezcano\\app\\Views\\comercializacion.php', 1)
 2 APPPATH\Views\comercializacion.php(1): include()
 3 SYSTEMPATH\View\View.php(224): include('C:\\xampp\\htdocs\\escobar-lezcano\\app\\Views\\comercializacion.php')
 4 SYSTEMPATH\View\View.php(227): CodeIgniter\View\View->CodeIgniter\View\{closure}()
 5 SYSTEMPATH\Common.php(1173): CodeIgniter\View\View->render('comercializacion.php', [], true)
 6 APPPATH\Controllers\Home.php(20): view('comercializacion.php', [...])
 7 SYSTEMPATH\CodeIgniter.php(933): App\Controllers\Home->comercializacion()
 8 SYSTEMPATH\CodeIgniter.php(507): CodeIgniter\CodeIgniter->runController(Object(App\Controllers\Home))
 9 SYSTEMPATH\CodeIgniter.php(354): CodeIgniter\CodeIgniter->handleRequest(null, Object(Config\Cache), false)
10 SYSTEMPATH\Boot.php(334): CodeIgniter\CodeIgniter->run()
11 SYSTEMPATH\Boot.php(67): CodeIgniter\Boot::runCodeIgniter(Object(CodeIgniter\CodeIgniter))
12 FCPATH\index.php(56): CodeIgniter\Boot::bootWeb(Object(Config\Paths))
CRITICAL - 2025-04-11 18:35:58 --> ErrorException: include(app/Views/header.php): Failed to open stream: No such file or directory
[Method: GET, Route: comercializacion]
in APPPATH\Views\comercializacion.php on line 1.
 1 APPPATH\Views\comercializacion.php(1): CodeIgniter\Debug\Exceptions->errorHandler(2, 'include(app/Views/header.php): Failed to open stream: No such file or directory', 'C:\\xampp\\htdocs\\escobar-lezcano\\app\\Views\\comercializacion.php', 1)
 2 APPPATH\Views\comercializacion.php(1): include()
 3 SYSTEMPATH\View\View.php(224): include('C:\\xampp\\htdocs\\escobar-lezcano\\app\\Views\\comercializacion.php')
 4 SYSTEMPATH\View\View.php(227): CodeIgniter\View\View->CodeIgniter\View\{closure}()
 5 SYSTEMPATH\Common.php(1173): CodeIgniter\View\View->render('comercializacion.php', [], true)
 6 APPPATH\Controllers\Home.php(22): view('comercializacion.php')
 7 SYSTEMPATH\CodeIgniter.php(933): App\Controllers\Home->comercializacion()
 8 SYSTEMPATH\CodeIgniter.php(507): CodeIgniter\CodeIgniter->runController(Object(App\Controllers\Home))
 9 SYSTEMPATH\CodeIgniter.php(354): CodeIgniter\CodeIgniter->handleRequest(null, Object(Config\Cache), false)
10 SYSTEMPATH\Boot.php(334): CodeIgniter\CodeIgniter->run()
11 SYSTEMPATH\Boot.php(67): CodeIgniter\Boot::runCodeIgniter(Object(CodeIgniter\CodeIgniter))
12 FCPATH\index.php(56): CodeIgniter\Boot::bootWeb(Object(Config\Paths))
