CRITICAL - 2025-04-06 23:25:35 --> CodeIgniter\View\Exceptions\ViewException: Invalid file: "terminos.php"
[Method: GET, Route: terminos]
in SYSTEMPATH\Exceptions\FrameworkException.php on line 39.
 1 SYSTEMPATH\View\View.php(212): CodeIgniter\Exceptions\FrameworkException::forInvalidFile('terminos.php')
 2 SYSTEMPATH\Common.php(1173): CodeIgniter\View\View->render('terminos.php', [], true)
 3 APPPATH\Controllers\Home.php(22): view('terminos.php')
 4 SYSTEMPATH\CodeIgniter.php(933): App\Controllers\Home->terminos()
 5 SYSTEMPATH\CodeIgniter.php(507): CodeIgniter\CodeIgniter->runController(Object(App\Controllers\Home))
 6 SYSTEMPATH\CodeIgniter.php(354): CodeIgniter\CodeIgniter->handleRequest(null, Object(Config\Cache), false)
 7 SYSTEMPATH\Boot.php(334): CodeIgniter\CodeIgniter->run()
 8 SYSTEMPATH\Boot.php(67): CodeIgniter\Boot::runCodeIgniter(Object(CodeIgniter\CodeIgniter))
 9 FCPATH\index.php(56): CodeIgniter\Boot::bootWeb(Object(Config\Paths))
CRITICAL - 2025-04-06 23:25:39 --> CodeIgniter\View\Exceptions\ViewException: Invalid file: "terminos.php"
[Method: GET, Route: terminos]
in SYSTEMPATH\Exceptions\FrameworkException.php on line 39.
 1 SYSTEMPATH\View\View.php(212): CodeIgniter\Exceptions\FrameworkException::forInvalidFile('terminos.php')
 2 SYSTEMPATH\Common.php(1173): CodeIgniter\View\View->render('terminos.php', [], true)
 3 APPPATH\Controllers\Home.php(22): view('terminos.php')
 4 SYSTEMPATH\CodeIgniter.php(933): App\Controllers\Home->terminos()
 5 SYSTEMPATH\CodeIgniter.php(507): CodeIgniter\CodeIgniter->runController(Object(App\Controllers\Home))
 6 SYSTEMPATH\CodeIgniter.php(354): CodeIgniter\CodeIgniter->handleRequest(null, Object(Config\Cache), false)
 7 SYSTEMPATH\Boot.php(334): CodeIgniter\CodeIgniter->run()
 8 SYSTEMPATH\Boot.php(67): CodeIgniter\Boot::runCodeIgniter(Object(CodeIgniter\CodeIgniter))
 9 FCPATH\index.php(56): CodeIgniter\Boot::bootWeb(Object(Config\Paths))
